<?xml version="1.0" encoding="UTF-8"?>
<robot generator="Robot 6.1 (Python 3.11.4 on win32)" generated="20230713 20:36:11.601" rpa="false" schemaversion="4">
<suite id="s1" name="Modelo" source="C:\Users\mb_la\RobotFrameWork-Selenium\modelo.robot">
<test id="s1-t1" name="Cenário 1: Acessando site do robot" line="13">
<kw name="Abrir Site">
<kw name="Open Browser" library="SeleniumLibrary">
<arg>https://robotframework.org/</arg>
<arg>Edge</arg>
<doc>Opens a new browser instance to the optional ``url``.</doc>
<msg timestamp="20230713 20:36:11.828" level="INFO">Opening browser 'Edge' to base url 'https://robotframework.org/'.</msg>
<msg timestamp="20230713 20:36:11.837" level="INFO">Executing: C:\Users\mb_la\AppData\Local\Programs\Python\Python311\Lib\site-packages\selenium\webdriver\common\windows\selenium-manager.exe --browser edge --output json</msg>
<status status="PASS" starttime="20230713 20:36:11.827" endtime="20230713 20:37:01.031"/>
</kw>
<status status="PASS" starttime="20230713 20:36:11.827" endtime="20230713 20:37:01.031"/>
</kw>
<status status="PASS" starttime="20230713 20:36:11.826" endtime="20230713 20:37:01.032"/>
</test>
<doc>teste automatizado com robot e selenium</doc>
<status status="PASS" starttime="20230713 20:36:11.603" endtime="20230713 20:37:01.034"/>
</suite>
<statistics>
<total>
<stat pass="1" fail="0" skip="0">All Tests</stat>
</total>
<tag>
</tag>
<suite>
<stat pass="1" fail="0" skip="0" id="s1" name="Modelo">Modelo</stat>
</suite>
</statistics>
<errors>
</errors>
</robot>
