<?xml version="1.0" encoding="UTF-8"?>
<robot generator="Robot 6.1 (Python 3.11.4 on win32)" generated="20230714 09:02:49.760" rpa="false" schemaversion="4">
<suite id="s1" name="Modelo" source="C:\Users\mb_la\RobotFrameWork-Selenium\modelo.robot">
<test id="s1-t1" name="Cenário 1: Teste de abrir o site da google" line="17">
<kw name="Abrir site da google">
<kw name="Open Browser" library="SeleniumLibrary">
<arg>https://www.google.com.br/</arg>
<arg>Chrome</arg>
<doc>Opens a new browser instance to the optional ``url``.</doc>
<msg timestamp="20230714 09:02:50.197" level="INFO">Opening browser 'Chrome' to base url 'https://www.google.com.br/'.</msg>
<status status="PASS" starttime="20230714 09:02:50.196" endtime="20230714 09:02:54.098"/>
</kw>
<status status="PASS" starttime="20230714 09:02:50.196" endtime="20230714 09:02:54.098"/>
</kw>
<status status="PASS" starttime="20230714 09:02:50.192" endtime="20230714 09:02:54.098"/>
</test>
<doc>teste automatizado com robot e selenium</doc>
<status status="PASS" starttime="20230714 09:02:49.762" endtime="20230714 09:02:54.100"/>
</suite>
<statistics>
<total>
<stat pass="1" fail="0" skip="0">All Tests</stat>
</total>
<tag>
</tag>
<suite>
<stat pass="1" fail="0" skip="0" id="s1" name="Modelo">Modelo</stat>
</suite>
</statistics>
<errors>
</errors>
</robot>
