<?xml version="1.0" encoding="UTF-8"?>
<robot generator="Robot 6.1 (Python 3.11.4 on win32)" generated="20230720 11:08:29.977" rpa="false" schemaversion="4">
<suite id="s1" name="RobotFrameWork-Selenium" source="C:\Users\mb_la\OneDrive\Área de Trabalho\RobotFrameWork-Selenium">
<suite id="s1-s1" name="Robot" source="C:\Users\mb_la\OneDrive\Área de Trabalho\RobotFrameWork-Selenium\robot">
<suite id="s1-s1-s1" name="TesteCases" source="C:\Users\mb_la\OneDrive\Área de Trabalho\RobotFrameWork-Selenium\robot\TesteCases">
<suite id="s1-s1-s1-s1" name="Home" source="C:\Users\mb_la\OneDrive\Área de Trabalho\RobotFrameWork-Selenium\robot\TesteCases\home.robot">
<test id="s1-s1-s1-s1-t1" name="CT1: Inserindo nome,senha e mostrando a senha" line="17">
<kw name="Open Browser" library="SeleniumLibrary">
<arg>https://ibk.beta.bankeiro.com/</arg>
<arg>chrome</arg>
<doc>Opens a new browser instance to the optional ``url``.</doc>
<msg timestamp="20230720 11:08:30.526" level="INFO">Opening browser 'chrome' to base url 'https://ibk.beta.bankeiro.com/'.</msg>
<status status="PASS" starttime="20230720 11:08:30.524" endtime="20230720 11:08:49.099"/>
</kw>
<kw name="Sleep" library="BuiltIn">
<arg>5 seconds</arg>
<doc>Pauses the test executed for the given time.</doc>
<msg timestamp="20230720 11:08:54.101" level="INFO">Slept 5 seconds</msg>
<status status="PASS" starttime="20230720 11:08:49.100" endtime="20230720 11:08:54.101"/>
</kw>
<kw name="Wait Until Element Is Visible" library="SeleniumLibrary">
<arg>${campo_usuario}</arg>
<doc>Waits until the element ``locator`` is visible.</doc>
<status status="PASS" starttime="20230720 11:08:54.102" endtime="20230720 11:08:54.140"/>
</kw>
<kw name="Input Text" library="SeleniumLibrary">
<arg>${campo_usuario}</arg>
<arg>${nome_usuario}</arg>
<doc>Types the given ``text`` into the text field identified by ``locator``.</doc>
<msg timestamp="20230720 11:08:54.142" level="INFO">Typing text 'brunoamorim' into text field '//*[@testid="login_AdvancedInput_username"]'.</msg>
<status status="PASS" starttime="20230720 11:08:54.141" endtime="20230720 11:08:54.380"/>
</kw>
<kw name="Sleep" library="BuiltIn">
<arg>5 seconds</arg>
<doc>Pauses the test executed for the given time.</doc>
<msg timestamp="20230720 11:08:59.382" level="INFO">Slept 5 seconds</msg>
<status status="PASS" starttime="20230720 11:08:54.381" endtime="20230720 11:08:59.382"/>
</kw>
<kw name="Wait Until Element Is Visible" library="SeleniumLibrary">
<arg>${campo_senha}</arg>
<doc>Waits until the element ``locator`` is visible.</doc>
<status status="PASS" starttime="20230720 11:08:59.383" endtime="20230720 11:08:59.411"/>
</kw>
<kw name="Input Text" library="SeleniumLibrary">
<arg>${campo_senha}</arg>
<arg>${senha_usuario}</arg>
<doc>Types the given ``text`` into the text field identified by ``locator``.</doc>
<msg timestamp="20230720 11:08:59.413" level="INFO">Typing text 'Pass123123' into text field '//*[@testid="login_AdvancedInput_password"]'.</msg>
<status status="PASS" starttime="20230720 11:08:59.412" endtime="20230720 11:08:59.576"/>
</kw>
<kw name="Sleep" library="BuiltIn">
<arg>5 seconds</arg>
<doc>Pauses the test executed for the given time.</doc>
<msg timestamp="20230720 11:09:04.578" level="INFO">Slept 5 seconds</msg>
<status status="PASS" starttime="20230720 11:08:59.577" endtime="20230720 11:09:04.579"/>
</kw>
<kw name="Wait Until Element Is Visible" library="SeleniumLibrary">
<arg>${olho_senha}</arg>
<doc>Waits until the element ``locator`` is visible.</doc>
<status status="PASS" starttime="20230720 11:09:04.580" endtime="20230720 11:09:04.609"/>
</kw>
<kw name="Click Element" library="SeleniumLibrary">
<arg>${olho_senha}</arg>
<doc>Click the element identified by ``locator``.</doc>
<msg timestamp="20230720 11:09:04.611" level="INFO">Clicking element '//*[@role="img"]'.</msg>
<status status="PASS" starttime="20230720 11:09:04.610" endtime="20230720 11:09:04.692"/>
</kw>
<kw name="Sleep" library="BuiltIn">
<arg>2 seconds</arg>
<doc>Pauses the test executed for the given time.</doc>
<msg timestamp="20230720 11:09:06.694" level="INFO">Slept 2 seconds</msg>
<status status="PASS" starttime="20230720 11:09:04.693" endtime="20230720 11:09:06.694"/>
</kw>
<kw name="Click Element" library="SeleniumLibrary">
<arg>${olho_senha}</arg>
<doc>Click the element identified by ``locator``.</doc>
<msg timestamp="20230720 11:09:06.698" level="INFO">Clicking element '//*[@role="img"]'.</msg>
<status status="PASS" starttime="20230720 11:09:06.696" endtime="20230720 11:09:06.756"/>
</kw>
<kw name="Sleep" library="BuiltIn">
<arg>5 seconds</arg>
<doc>Pauses the test executed for the given time.</doc>
<msg timestamp="20230720 11:09:11.757" level="INFO">Slept 5 seconds</msg>
<status status="PASS" starttime="20230720 11:09:06.757" endtime="20230720 11:09:11.757"/>
</kw>
<kw name="Wait Until Element Is Visible" library="SeleniumLibrary">
<arg>${botão_entrar}</arg>
<doc>Waits until the element ``locator`` is visible.</doc>
<status status="PASS" starttime="20230720 11:09:11.758" endtime="20230720 11:09:11.788"/>
</kw>
<kw name="Click Element" library="SeleniumLibrary">
<arg>${botão_entrar}</arg>
<doc>Click the element identified by ``locator``.</doc>
<msg timestamp="20230720 11:09:11.789" level="INFO">Clicking element '//*[@testid="login_Button_Submit"]'.</msg>
<status status="PASS" starttime="20230720 11:09:11.789" endtime="20230720 11:09:11.869"/>
</kw>
<kw name="Sleep" library="BuiltIn">
<arg>15 seconds</arg>
<doc>Pauses the test executed for the given time.</doc>
<msg timestamp="20230720 11:09:26.870" level="INFO">Slept 15 seconds</msg>
<status status="PASS" starttime="20230720 11:09:11.870" endtime="20230720 11:09:26.871"/>
</kw>
<status status="PASS" starttime="20230720 11:08:30.521" endtime="20230720 11:09:26.871"/>
</test>
<doc>Teste da Página Home automatizada</doc>
<status status="PASS" starttime="20230720 11:08:30.066" endtime="20230720 11:09:26.874"/>
</suite>
<status status="PASS" starttime="20230720 11:08:30.056" endtime="20230720 11:09:26.877"/>
</suite>
<status status="PASS" starttime="20230720 11:08:30.049" endtime="20230720 11:09:26.881"/>
</suite>
<status status="PASS" starttime="20230720 11:08:29.989" endtime="20230720 11:09:26.884"/>
</suite>
<statistics>
<total>
<stat pass="1" fail="0" skip="0">All Tests</stat>
</total>
<tag>
</tag>
<suite>
<stat pass="1" fail="0" skip="0" id="s1" name="RobotFrameWork-Selenium">RobotFrameWork-Selenium</stat>
<stat pass="1" fail="0" skip="0" id="s1-s1" name="Robot">RobotFrameWork-Selenium.Robot</stat>
<stat pass="1" fail="0" skip="0" id="s1-s1-s1" name="TesteCases">RobotFrameWork-Selenium.Robot.TesteCases</stat>
<stat pass="1" fail="0" skip="0" id="s1-s1-s1-s1" name="Home">RobotFrameWork-Selenium.Robot.TesteCases.Home</stat>
</suite>
</statistics>
<errors>
</errors>
</robot>
