<?xml version="1.0" encoding="UTF-8"?>
<robot generator="Robot 6.1 (Python 3.11.4 on win32)" generated="20230716 21:59:42.700" rpa="false" schemaversion="4">
<suite id="s1" name="Login" source="C:\Users\mb_la\OneDrive\Área de Trabalho\RobotFrameWork-Selenium\robot\TesteCases\login.robot">
<test id="s1-t1" name="CT01: Abrir IBK do inovanti" line="17">
<kw name="Open Browser" library="SeleniumLibrary">
<arg>https://ibk.stg.bankeiro.inovanti.com.br/</arg>
<arg>Chrome</arg>
<doc>Opens a new browser instance to the optional ``url``.</doc>
<msg timestamp="20230716 21:59:42.905" level="INFO">Opening browser 'Chrome' to base url 'https://ibk.stg.bankeiro.inovanti.com.br/'.</msg>
<status status="PASS" starttime="20230716 21:59:42.905" endtime="20230716 21:59:45.799"/>
</kw>
<kw name="Wait Until Element Is Visible" library="SeleniumLibrary">
<arg>${field_login}</arg>
<doc>Waits until the element ``locator`` is visible.</doc>
<status status="PASS" starttime="20230716 21:59:45.800" endtime="20230716 21:59:45.832"/>
</kw>
<kw name="Input Text" library="SeleniumLibrary">
<arg>${field_login}</arg>
<arg>${user_login}</arg>
<doc>Types the given ``text`` into the text field identified by ``locator``.</doc>
<msg timestamp="20230716 21:59:45.833" level="INFO">Typing text 'nori' into text field '//*[@testid="login_AdvancedInput_username"]'.</msg>
<status status="PASS" starttime="20230716 21:59:45.832" endtime="20230716 21:59:45.976"/>
</kw>
<kw name="Wait Until Element Is Visible" library="SeleniumLibrary">
<arg>${field_password}</arg>
<doc>Waits until the element ``locator`` is visible.</doc>
<status status="PASS" starttime="20230716 21:59:45.976" endtime="20230716 21:59:46.012"/>
</kw>
<kw name="Input Text" library="SeleniumLibrary">
<arg>${field_password}</arg>
<arg>${user_password}</arg>
<doc>Types the given ``text`` into the text field identified by ``locator``.</doc>
<msg timestamp="20230716 21:59:46.013" level="INFO">Typing text 'Pass12312' into text field '//*[@testid="login_AdvancedInput_password"]'.</msg>
<status status="PASS" starttime="20230716 21:59:46.013" endtime="20230716 21:59:46.165"/>
</kw>
<kw name="Wait Until Element Is Visible" library="SeleniumLibrary">
<arg>${button}</arg>
<doc>Waits until the element ``locator`` is visible.</doc>
<status status="PASS" starttime="20230716 21:59:46.166" endtime="20230716 21:59:46.190"/>
</kw>
<kw name="Click Element" library="SeleniumLibrary">
<arg>${button}</arg>
<doc>Click the element identified by ``locator``.</doc>
<msg timestamp="20230716 21:59:46.191" level="INFO">Clicking element '//*[@testid="login_Button_Submit"]'.</msg>
<status status="PASS" starttime="20230716 21:59:46.191" endtime="20230716 21:59:46.261"/>
</kw>
<kw name="Sleep" library="BuiltIn">
<arg>1 minutes</arg>
<doc>Pauses the test executed for the given time.</doc>
<msg timestamp="20230716 22:00:46.263" level="INFO">Slept 1 minute</msg>
<status status="PASS" starttime="20230716 21:59:46.262" endtime="20230716 22:00:46.263"/>
</kw>
<status status="PASS" starttime="20230716 21:59:42.905" endtime="20230716 22:00:46.263"/>
</test>
<doc>teste automatizado com robot e selenium</doc>
<status status="PASS" starttime="20230716 21:59:42.700" endtime="20230716 22:00:46.263"/>
</suite>
<statistics>
<total>
<stat pass="1" fail="0" skip="0">All Tests</stat>
</total>
<tag>
</tag>
<suite>
<stat pass="1" fail="0" skip="0" id="s1" name="Login">Login</stat>
</suite>
</statistics>
<errors>
</errors>
</robot>
