<?xml version="1.0" encoding="UTF-8"?>
<robot generator="Robot 6.1 (Python 3.11.4 on win32)" generated="20230716 21:11:25.797" rpa="false" schemaversion="4">
<suite id="s1" name="Login" source="C:\Users\mb_la\OneDrive\Área de Trabalho\RobotFrameWork-Selenium\robot\TesteCases\login.robot">
<test id="s1-t1" name="CT01: Abrir IBK do inovanti" line="10">
<kw name="Open Browser" library="SeleniumLibrary">
<arg>https://ibk.stg.bankeiro.inovanti.com.br/</arg>
<arg>Chrome</arg>
<doc>Opens a new browser instance to the optional ``url``.</doc>
<msg timestamp="20230716 21:11:26.001" level="INFO">Opening browser 'Chrome' to base url 'https://ibk.stg.bankeiro.inovanti.com.br/'.</msg>
<status status="PASS" starttime="20230716 21:11:26.000" endtime="20230716 21:11:28.852"/>
</kw>
<kw name="Wait Until Element Is Enabled" library="SeleniumLibrary">
<arg>//*[@testid="login_AdvancedInput_username"]</arg>
<doc>Waits until the element ``locator`` is enabled.</doc>
<status status="PASS" starttime="20230716 21:11:28.853" endtime="20230716 21:11:28.898"/>
</kw>
<kw name="Click Element" library="SeleniumLibrary">
<arg>//*[@testid="login_AdvancedInput_username"]</arg>
<doc>Click the element identified by ``locator``.</doc>
<msg timestamp="20230716 21:11:28.899" level="INFO">Clicking element '//*[@testid="login_AdvancedInput_username"]'.</msg>
<status status="PASS" starttime="20230716 21:11:28.899" endtime="20230716 21:11:29.318"/>
</kw>
<kw name="Sleep" library="BuiltIn">
<arg>1 minutes</arg>
<doc>Pauses the test executed for the given time.</doc>
<msg timestamp="20230716 21:12:29.319" level="INFO">Slept 1 minute</msg>
<status status="PASS" starttime="20230716 21:11:29.318" endtime="20230716 21:12:29.319"/>
</kw>
<status status="PASS" starttime="20230716 21:11:25.986" endtime="20230716 21:12:29.319"/>
</test>
<doc>teste automatizado com robot e selenium</doc>
<status status="PASS" starttime="20230716 21:11:25.797" endtime="20230716 21:12:29.319"/>
</suite>
<statistics>
<total>
<stat pass="1" fail="0" skip="0">All Tests</stat>
</total>
<tag>
</tag>
<suite>
<stat pass="1" fail="0" skip="0" id="s1" name="Login">Login</stat>
</suite>
</statistics>
<errors>
</errors>
</robot>
